[2025-04-04 04:04:47] production.ERROR: copy(C:\Users\joaqu\OneDrive\Escritorio\V-CICLO\Desarrollo-Aplicaciones-Nube\Semana2\Laravel\resources\css/app.css): Failed to open stream: No such file or directory {"exception":"[object] (ErrorException(code: 0): copy(C:\\Users\\joaqu\\OneDrive\\Escritorio\\V-CICLO\\Desarrollo-Aplicaciones-Nube\\Semana2\\Laravel\\resources\\css/app.css): Failed to open stream: No such file or directory at C:\\Users\\joaqu\\OneDrive\\Escritorio\\V-CICLO\\Desarrollo-Aplicaciones-Nube\\Semana2\\Laravel\\vendor\\laravel\\breeze\\src\\Console\\InstallsBladeStack.php:70)
[stacktrace]
#0 C:\\Users\\joaqu\\OneDrive\\Escritorio\\V-CICLO\\Desarrollo-Aplicaciones-Nube\\Semana2\\Laravel\\vendor\\laravel\\framework\\src\\Illuminate\\Foundation\\Bootstrap\\HandleExceptions.php(256): Illuminate\\Foundation\\Bootstrap\\HandleExceptions->handleError()
#1 [internal function]: Illuminate\\Foundation\\Bootstrap\\HandleExceptions->{closure:Illuminate\\Foundation\\Bootstrap\\HandleExceptions::forwardsTo():255}()
#2 C:\\Users\\joaqu\\OneDrive\\Escritorio\\V-CICLO\\Desarrollo-Aplicaciones-Nube\\Semana2\\Laravel\\vendor\\laravel\\breeze\\src\\Console\\InstallsBladeStack.php(70): copy()
#3 C:\\Users\\joaqu\\OneDrive\\Escritorio\\V-CICLO\\Desarrollo-Aplicaciones-Nube\\Semana2\\Laravel\\vendor\\laravel\\breeze\\src\\Console\\InstallCommand.php(61): Laravel\\Breeze\\Console\\InstallCommand->installBladeStack()
#4 C:\\Users\\joaqu\\OneDrive\\Escritorio\\V-CICLO\\Desarrollo-Aplicaciones-Nube\\Semana2\\Laravel\\vendor\\laravel\\framework\\src\\Illuminate\\Container\\BoundMethod.php(36): Laravel\\Breeze\\Console\\InstallCommand->handle()
#5 C:\\Users\\joaqu\\OneDrive\\Escritorio\\V-CICLO\\Desarrollo-Aplicaciones-Nube\\Semana2\\Laravel\\vendor\\laravel\\framework\\src\\Illuminate\\Container\\Util.php(43): Illuminate\\Container\\BoundMethod::{closure:Illuminate\\Container\\BoundMethod::call():35}()
#6 C:\\Users\\joaqu\\OneDrive\\Escritorio\\V-CICLO\\Desarrollo-Aplicaciones-Nube\\Semana2\\Laravel\\vendor\\laravel\\framework\\src\\Illuminate\\Container\\BoundMethod.php(95): Illuminate\\Container\\Util::unwrapIfClosure()
#7 C:\\Users\\joaqu\\OneDrive\\Escritorio\\V-CICLO\\Desarrollo-Aplicaciones-Nube\\Semana2\\Laravel\\vendor\\laravel\\framework\\src\\Illuminate\\Container\\BoundMethod.php(35): Illuminate\\Container\\BoundMethod::callBoundMethod()
#8 C:\\Users\\joaqu\\OneDrive\\Escritorio\\V-CICLO\\Desarrollo-Aplicaciones-Nube\\Semana2\\Laravel\\vendor\\laravel\\framework\\src\\Illuminate\\Container\\Container.php(696): Illuminate\\Container\\BoundMethod::call()
#9 C:\\Users\\joaqu\\OneDrive\\Escritorio\\V-CICLO\\Desarrollo-Aplicaciones-Nube\\Semana2\\Laravel\\vendor\\laravel\\framework\\src\\Illuminate\\Console\\Command.php(213): Illuminate\\Container\\Container->call()
#10 C:\\Users\\joaqu\\OneDrive\\Escritorio\\V-CICLO\\Desarrollo-Aplicaciones-Nube\\Semana2\\Laravel\\vendor\\symfony\\console\\Command\\Command.php(279): Illuminate\\Console\\Command->execute()
#11 C:\\Users\\joaqu\\OneDrive\\Escritorio\\V-CICLO\\Desarrollo-Aplicaciones-Nube\\Semana2\\Laravel\\vendor\\laravel\\framework\\src\\Illuminate\\Console\\Command.php(182): Symfony\\Component\\Console\\Command\\Command->run()
#12 C:\\Users\\joaqu\\OneDrive\\Escritorio\\V-CICLO\\Desarrollo-Aplicaciones-Nube\\Semana2\\Laravel\\vendor\\symfony\\console\\Application.php(1094): Illuminate\\Console\\Command->run()
#13 C:\\Users\\joaqu\\OneDrive\\Escritorio\\V-CICLO\\Desarrollo-Aplicaciones-Nube\\Semana2\\Laravel\\vendor\\symfony\\console\\Application.php(342): Symfony\\Component\\Console\\Application->doRunCommand()
#14 C:\\Users\\joaqu\\OneDrive\\Escritorio\\V-CICLO\\Desarrollo-Aplicaciones-Nube\\Semana2\\Laravel\\vendor\\symfony\\console\\Application.php(193): Symfony\\Component\\Console\\Application->doRun()
#15 C:\\Users\\joaqu\\OneDrive\\Escritorio\\V-CICLO\\Desarrollo-Aplicaciones-Nube\\Semana2\\Laravel\\vendor\\laravel\\framework\\src\\Illuminate\\Foundation\\Console\\Kernel.php(198): Symfony\\Component\\Console\\Application->run()
#16 C:\\Users\\joaqu\\OneDrive\\Escritorio\\V-CICLO\\Desarrollo-Aplicaciones-Nube\\Semana2\\Laravel\\artisan(35): Illuminate\\Foundation\\Console\\Kernel->handle()
#17 {main}
"} 
[2025-04-04 04:12:33] production.ERROR: No application encryption key has been specified. {"exception":"[object] (Illuminate\\Encryption\\MissingAppKeyException(code: 0): No application encryption key has been specified. at C:\\Users\\joaqu\\OneDrive\\Escritorio\\V-CICLO\\Desarrollo-Aplicaciones-Nube\\Semana2\\Laravel\\vendor\\laravel\\framework\\src\\Illuminate\\Encryption\\EncryptionServiceProvider.php:83)
[stacktrace]
#0 C:\\Users\\joaqu\\OneDrive\\Escritorio\\V-CICLO\\Desarrollo-Aplicaciones-Nube\\Semana2\\Laravel\\vendor\\laravel\\framework\\src\\Illuminate\\Support\\helpers.php(399): Illuminate\\Encryption\\EncryptionServiceProvider->{closure:Illuminate\\Encryption\\EncryptionServiceProvider::key():81}()
#1 C:\\Users\\joaqu\\OneDrive\\Escritorio\\V-CICLO\\Desarrollo-Aplicaciones-Nube\\Semana2\\Laravel\\vendor\\laravel\\framework\\src\\Illuminate\\Encryption\\EncryptionServiceProvider.php(81): tap()
#2 C:\\Users\\joaqu\\OneDrive\\Escritorio\\V-CICLO\\Desarrollo-Aplicaciones-Nube\\Semana2\\Laravel\\vendor\\laravel\\framework\\src\\Illuminate\\Encryption\\EncryptionServiceProvider.php(64): Illuminate\\Encryption\\EncryptionServiceProvider->key()
#3 C:\\Users\\joaqu\\OneDrive\\Escritorio\\V-CICLO\\Desarrollo-Aplicaciones-Nube\\Semana2\\Laravel\\vendor\\laravel\\framework\\src\\Illuminate\\Encryption\\EncryptionServiceProvider.php(32): Illuminate\\Encryption\\EncryptionServiceProvider->parseKey()
#4 C:\\Users\\joaqu\\OneDrive\\Escritorio\\V-CICLO\\Desarrollo-Aplicaciones-Nube\\Semana2\\Laravel\\vendor\\laravel\\framework\\src\\Illuminate\\Container\\Container.php(952): Illuminate\\Encryption\\EncryptionServiceProvider->{closure:Illuminate\\Encryption\\EncryptionServiceProvider::registerEncrypter():29}()
#5 C:\\Users\\joaqu\\OneDrive\\Escritorio\\V-CICLO\\Desarrollo-Aplicaciones-Nube\\Semana2\\Laravel\\vendor\\laravel\\framework\\src\\Illuminate\\Container\\Container.php(832): Illuminate\\Container\\Container->build()
#6 C:\\Users\\joaqu\\OneDrive\\Escritorio\\V-CICLO\\Desarrollo-Aplicaciones-Nube\\Semana2\\Laravel\\vendor\\laravel\\framework\\src\\Illuminate\\Foundation\\Application.php(1078): Illuminate\\Container\\Container->resolve()
#7 C:\\Users\\joaqu\\OneDrive\\Escritorio\\V-CICLO\\Desarrollo-Aplicaciones-Nube\\Semana2\\Laravel\\vendor\\laravel\\framework\\src\\Illuminate\\Container\\Container.php(763): Illuminate\\Foundation\\Application->resolve()
#8 C:\\Users\\joaqu\\OneDrive\\Escritorio\\V-CICLO\\Desarrollo-Aplicaciones-Nube\\Semana2\\Laravel\\vendor\\laravel\\framework\\src\\Illuminate\\Foundation\\Application.php(1058): Illuminate\\Container\\Container->make()
#9 C:\\Users\\joaqu\\OneDrive\\Escritorio\\V-CICLO\\Desarrollo-Aplicaciones-Nube\\Semana2\\Laravel\\vendor\\laravel\\framework\\src\\Illuminate\\Container\\Container.php(1133): Illuminate\\Foundation\\Application->make()
#10 C:\\Users\\joaqu\\OneDrive\\Escritorio\\V-CICLO\\Desarrollo-Aplicaciones-Nube\\Semana2\\Laravel\\vendor\\laravel\\framework\\src\\Illuminate\\Container\\Container.php(1043): Illuminate\\Container\\Container->resolveClass()
#11 C:\\Users\\joaqu\\OneDrive\\Escritorio\\V-CICLO\\Desarrollo-Aplicaciones-Nube\\Semana2\\Laravel\\vendor\\laravel\\framework\\src\\Illuminate\\Container\\Container.php(994): Illuminate\\Container\\Container->resolveDependencies()
#12 C:\\Users\\joaqu\\OneDrive\\Escritorio\\V-CICLO\\Desarrollo-Aplicaciones-Nube\\Semana2\\Laravel\\vendor\\laravel\\framework\\src\\Illuminate\\Container\\Container.php(832): Illuminate\\Container\\Container->build()
#13 C:\\Users\\joaqu\\OneDrive\\Escritorio\\V-CICLO\\Desarrollo-Aplicaciones-Nube\\Semana2\\Laravel\\vendor\\laravel\\framework\\src\\Illuminate\\Foundation\\Application.php(1078): Illuminate\\Container\\Container->resolve()
#14 C:\\Users\\joaqu\\OneDrive\\Escritorio\\V-CICLO\\Desarrollo-Aplicaciones-Nube\\Semana2\\Laravel\\vendor\\laravel\\framework\\src\\Illuminate\\Container\\Container.php(763): Illuminate\\Foundation\\Application->resolve()
#15 C:\\Users\\joaqu\\OneDrive\\Escritorio\\V-CICLO\\Desarrollo-Aplicaciones-Nube\\Semana2\\Laravel\\vendor\\laravel\\framework\\src\\Illuminate\\Foundation\\Application.php(1058): Illuminate\\Container\\Container->make()
#16 C:\\Users\\joaqu\\OneDrive\\Escritorio\\V-CICLO\\Desarrollo-Aplicaciones-Nube\\Semana2\\Laravel\\vendor\\laravel\\framework\\src\\Illuminate\\Pipeline\\Pipeline.php(198): Illuminate\\Foundation\\Application->make()
#17 C:\\Users\\joaqu\\OneDrive\\Escritorio\\V-CICLO\\Desarrollo-Aplicaciones-Nube\\Semana2\\Laravel\\vendor\\laravel\\framework\\src\\Illuminate\\Pipeline\\Pipeline.php(127): Illuminate\\Pipeline\\Pipeline->{closure:{closure:Illuminate\\Pipeline\\Pipeline::carry():184}:185}()
#18 C:\\Users\\joaqu\\OneDrive\\Escritorio\\V-CICLO\\Desarrollo-Aplicaciones-Nube\\Semana2\\Laravel\\vendor\\laravel\\framework\\src\\Illuminate\\Routing\\Router.php(807): Illuminate\\Pipeline\\Pipeline->then()
#19 C:\\Users\\joaqu\\OneDrive\\Escritorio\\V-CICLO\\Desarrollo-Aplicaciones-Nube\\Semana2\\Laravel\\vendor\\laravel\\framework\\src\\Illuminate\\Routing\\Router.php(786): Illuminate\\Routing\\Router->runRouteWithinStack()
#20 C:\\Users\\joaqu\\OneDrive\\Escritorio\\V-CICLO\\Desarrollo-Aplicaciones-Nube\\Semana2\\Laravel\\vendor\\laravel\\framework\\src\\Illuminate\\Routing\\Router.php(750): Illuminate\\Routing\\Router->runRoute()
#21 C:\\Users\\joaqu\\OneDrive\\Escritorio\\V-CICLO\\Desarrollo-Aplicaciones-Nube\\Semana2\\Laravel\\vendor\\laravel\\framework\\src\\Illuminate\\Routing\\Router.php(739): Illuminate\\Routing\\Router->dispatchToRoute()
#22 C:\\Users\\joaqu\\OneDrive\\Escritorio\\V-CICLO\\Desarrollo-Aplicaciones-Nube\\Semana2\\Laravel\\vendor\\laravel\\framework\\src\\Illuminate\\Foundation\\Http\\Kernel.php(201): Illuminate\\Routing\\Router->dispatch()
#23 C:\\Users\\joaqu\\OneDrive\\Escritorio\\V-CICLO\\Desarrollo-Aplicaciones-Nube\\Semana2\\Laravel\\vendor\\laravel\\framework\\src\\Illuminate\\Pipeline\\Pipeline.php(170): Illuminate\\Foundation\\Http\\Kernel->{closure:Illuminate\\Foundation\\Http\\Kernel::dispatchToRouter():198}()
#24 C:\\Users\\joaqu\\OneDrive\\Escritorio\\V-CICLO\\Desarrollo-Aplicaciones-Nube\\Semana2\\Laravel\\vendor\\laravel\\framework\\src\\Illuminate\\Http\\Middleware\\TrustProxies.php(58): Illuminate\\Pipeline\\Pipeline->{closure:Illuminate\\Pipeline\\Pipeline::prepareDestination():168}()
#25 C:\\Users\\joaqu\\OneDrive\\Escritorio\\V-CICLO\\Desarrollo-Aplicaciones-Nube\\Semana2\\Laravel\\vendor\\laravel\\framework\\src\\Illuminate\\Pipeline\\Pipeline.php(209): Illuminate\\Http\\Middleware\\TrustProxies->handle()
#26 C:\\Users\\joaqu\\OneDrive\\Escritorio\\V-CICLO\\Desarrollo-Aplicaciones-Nube\\Semana2\\Laravel\\vendor\\laravel\\framework\\src\\Illuminate\\Foundation\\Http\\Middleware\\TransformsRequest.php(21): Illuminate\\Pipeline\\Pipeline->{closure:{closure:Illuminate\\Pipeline\\Pipeline::carry():184}:185}()
#27 C:\\Users\\joaqu\\OneDrive\\Escritorio\\V-CICLO\\Desarrollo-Aplicaciones-Nube\\Semana2\\Laravel\\vendor\\laravel\\framework\\src\\Illuminate\\Foundation\\Http\\Middleware\\ConvertEmptyStringsToNull.php(31): Illuminate\\Foundation\\Http\\Middleware\\TransformsRequest->handle()
#28 C:\\Users\\joaqu\\OneDrive\\Escritorio\\V-CICLO\\Desarrollo-Aplicaciones-Nube\\Semana2\\Laravel\\vendor\\laravel\\framework\\src\\Illuminate\\Pipeline\\Pipeline.php(209): Illuminate\\Foundation\\Http\\Middleware\\ConvertEmptyStringsToNull->handle()
#29 C:\\Users\\joaqu\\OneDrive\\Escritorio\\V-CICLO\\Desarrollo-Aplicaciones-Nube\\Semana2\\Laravel\\vendor\\laravel\\framework\\src\\Illuminate\\Foundation\\Http\\Middleware\\TransformsRequest.php(21): Illuminate\\Pipeline\\Pipeline->{closure:{closure:Illuminate\\Pipeline\\Pipeline::carry():184}:185}()
#30 C:\\Users\\joaqu\\OneDrive\\Escritorio\\V-CICLO\\Desarrollo-Aplicaciones-Nube\\Semana2\\Laravel\\vendor\\laravel\\framework\\src\\Illuminate\\Foundation\\Http\\Middleware\\TrimStrings.php(51): Illuminate\\Foundation\\Http\\Middleware\\TransformsRequest->handle()
#31 C:\\Users\\joaqu\\OneDrive\\Escritorio\\V-CICLO\\Desarrollo-Aplicaciones-Nube\\Semana2\\Laravel\\vendor\\laravel\\framework\\src\\Illuminate\\Pipeline\\Pipeline.php(209): Illuminate\\Foundation\\Http\\Middleware\\TrimStrings->handle()
#32 C:\\Users\\joaqu\\OneDrive\\Escritorio\\V-CICLO\\Desarrollo-Aplicaciones-Nube\\Semana2\\Laravel\\vendor\\laravel\\framework\\src\\Illuminate\\Http\\Middleware\\ValidatePostSize.php(27): Illuminate\\Pipeline\\Pipeline->{closure:{closure:Illuminate\\Pipeline\\Pipeline::carry():184}:185}()
#33 C:\\Users\\joaqu\\OneDrive\\Escritorio\\V-CICLO\\Desarrollo-Aplicaciones-Nube\\Semana2\\Laravel\\vendor\\laravel\\framework\\src\\Illuminate\\Pipeline\\Pipeline.php(209): Illuminate\\Http\\Middleware\\ValidatePostSize->handle()
#34 C:\\Users\\joaqu\\OneDrive\\Escritorio\\V-CICLO\\Desarrollo-Aplicaciones-Nube\\Semana2\\Laravel\\vendor\\laravel\\framework\\src\\Illuminate\\Foundation\\Http\\Middleware\\PreventRequestsDuringMaintenance.php(110): Illuminate\\Pipeline\\Pipeline->{closure:{closure:Illuminate\\Pipeline\\Pipeline::carry():184}:185}()
#35 C:\\Users\\joaqu\\OneDrive\\Escritorio\\V-CICLO\\Desarrollo-Aplicaciones-Nube\\Semana2\\Laravel\\vendor\\laravel\\framework\\src\\Illuminate\\Pipeline\\Pipeline.php(209): Illuminate\\Foundation\\Http\\Middleware\\PreventRequestsDuringMaintenance->handle()
#36 C:\\Users\\joaqu\\OneDrive\\Escritorio\\V-CICLO\\Desarrollo-Aplicaciones-Nube\\Semana2\\Laravel\\vendor\\laravel\\framework\\src\\Illuminate\\Pipeline\\Pipeline.php(127): Illuminate\\Pipeline\\Pipeline->{closure:{closure:Illuminate\\Pipeline\\Pipeline::carry():184}:185}()
#37 C:\\Users\\joaqu\\OneDrive\\Escritorio\\V-CICLO\\Desarrollo-Aplicaciones-Nube\\Semana2\\Laravel\\vendor\\laravel\\framework\\src\\Illuminate\\Foundation\\Http\\Kernel.php(176): Illuminate\\Pipeline\\Pipeline->then()
#38 C:\\Users\\joaqu\\OneDrive\\Escritorio\\V-CICLO\\Desarrollo-Aplicaciones-Nube\\Semana2\\Laravel\\vendor\\laravel\\framework\\src\\Illuminate\\Foundation\\Http\\Kernel.php(145): Illuminate\\Foundation\\Http\\Kernel->sendRequestThroughRouter()
#39 C:\\Users\\joaqu\\OneDrive\\Escritorio\\V-CICLO\\Desarrollo-Aplicaciones-Nube\\Semana2\\Laravel\\public\\index.php(54): Illuminate\\Foundation\\Http\\Kernel->handle()
#40 C:\\Users\\joaqu\\OneDrive\\Escritorio\\V-CICLO\\Desarrollo-Aplicaciones-Nube\\Semana2\\Laravel\\server.php(21): require_once('...')
#41 {main}
"} 
[2025-04-04 04:12:33] production.ERROR: No application encryption key has been specified. {"exception":"[object] (Illuminate\\Encryption\\MissingAppKeyException(code: 0): No application encryption key has been specified. at C:\\Users\\joaqu\\OneDrive\\Escritorio\\V-CICLO\\Desarrollo-Aplicaciones-Nube\\Semana2\\Laravel\\vendor\\laravel\\framework\\src\\Illuminate\\Encryption\\EncryptionServiceProvider.php:83)
[stacktrace]
#0 C:\\Users\\joaqu\\OneDrive\\Escritorio\\V-CICLO\\Desarrollo-Aplicaciones-Nube\\Semana2\\Laravel\\vendor\\laravel\\framework\\src\\Illuminate\\Support\\helpers.php(399): Illuminate\\Encryption\\EncryptionServiceProvider->{closure:Illuminate\\Encryption\\EncryptionServiceProvider::key():81}()
#1 C:\\Users\\joaqu\\OneDrive\\Escritorio\\V-CICLO\\Desarrollo-Aplicaciones-Nube\\Semana2\\Laravel\\vendor\\laravel\\framework\\src\\Illuminate\\Encryption\\EncryptionServiceProvider.php(81): tap()
#2 C:\\Users\\joaqu\\OneDrive\\Escritorio\\V-CICLO\\Desarrollo-Aplicaciones-Nube\\Semana2\\Laravel\\vendor\\laravel\\framework\\src\\Illuminate\\Encryption\\EncryptionServiceProvider.php(64): Illuminate\\Encryption\\EncryptionServiceProvider->key()
#3 C:\\Users\\joaqu\\OneDrive\\Escritorio\\V-CICLO\\Desarrollo-Aplicaciones-Nube\\Semana2\\Laravel\\vendor\\laravel\\framework\\src\\Illuminate\\Encryption\\EncryptionServiceProvider.php(32): Illuminate\\Encryption\\EncryptionServiceProvider->parseKey()
#4 C:\\Users\\joaqu\\OneDrive\\Escritorio\\V-CICLO\\Desarrollo-Aplicaciones-Nube\\Semana2\\Laravel\\vendor\\laravel\\framework\\src\\Illuminate\\Container\\Container.php(952): Illuminate\\Encryption\\EncryptionServiceProvider->{closure:Illuminate\\Encryption\\EncryptionServiceProvider::registerEncrypter():29}()
#5 C:\\Users\\joaqu\\OneDrive\\Escritorio\\V-CICLO\\Desarrollo-Aplicaciones-Nube\\Semana2\\Laravel\\vendor\\laravel\\framework\\src\\Illuminate\\Container\\Container.php(832): Illuminate\\Container\\Container->build()
#6 C:\\Users\\joaqu\\OneDrive\\Escritorio\\V-CICLO\\Desarrollo-Aplicaciones-Nube\\Semana2\\Laravel\\vendor\\laravel\\framework\\src\\Illuminate\\Foundation\\Application.php(1078): Illuminate\\Container\\Container->resolve()
#7 C:\\Users\\joaqu\\OneDrive\\Escritorio\\V-CICLO\\Desarrollo-Aplicaciones-Nube\\Semana2\\Laravel\\vendor\\laravel\\framework\\src\\Illuminate\\Container\\Container.php(763): Illuminate\\Foundation\\Application->resolve()
#8 C:\\Users\\joaqu\\OneDrive\\Escritorio\\V-CICLO\\Desarrollo-Aplicaciones-Nube\\Semana2\\Laravel\\vendor\\laravel\\framework\\src\\Illuminate\\Foundation\\Application.php(1058): Illuminate\\Container\\Container->make()
#9 C:\\Users\\joaqu\\OneDrive\\Escritorio\\V-CICLO\\Desarrollo-Aplicaciones-Nube\\Semana2\\Laravel\\vendor\\laravel\\framework\\src\\Illuminate\\Container\\Container.php(1133): Illuminate\\Foundation\\Application->make()
#10 C:\\Users\\joaqu\\OneDrive\\Escritorio\\V-CICLO\\Desarrollo-Aplicaciones-Nube\\Semana2\\Laravel\\vendor\\laravel\\framework\\src\\Illuminate\\Container\\Container.php(1043): Illuminate\\Container\\Container->resolveClass()
#11 C:\\Users\\joaqu\\OneDrive\\Escritorio\\V-CICLO\\Desarrollo-Aplicaciones-Nube\\Semana2\\Laravel\\vendor\\laravel\\framework\\src\\Illuminate\\Container\\Container.php(994): Illuminate\\Container\\Container->resolveDependencies()
#12 C:\\Users\\joaqu\\OneDrive\\Escritorio\\V-CICLO\\Desarrollo-Aplicaciones-Nube\\Semana2\\Laravel\\vendor\\laravel\\framework\\src\\Illuminate\\Container\\Container.php(832): Illuminate\\Container\\Container->build()
#13 C:\\Users\\joaqu\\OneDrive\\Escritorio\\V-CICLO\\Desarrollo-Aplicaciones-Nube\\Semana2\\Laravel\\vendor\\laravel\\framework\\src\\Illuminate\\Foundation\\Application.php(1078): Illuminate\\Container\\Container->resolve()
#14 C:\\Users\\joaqu\\OneDrive\\Escritorio\\V-CICLO\\Desarrollo-Aplicaciones-Nube\\Semana2\\Laravel\\vendor\\laravel\\framework\\src\\Illuminate\\Container\\Container.php(763): Illuminate\\Foundation\\Application->resolve()
#15 C:\\Users\\joaqu\\OneDrive\\Escritorio\\V-CICLO\\Desarrollo-Aplicaciones-Nube\\Semana2\\Laravel\\vendor\\laravel\\framework\\src\\Illuminate\\Foundation\\Application.php(1058): Illuminate\\Container\\Container->make()
#16 C:\\Users\\joaqu\\OneDrive\\Escritorio\\V-CICLO\\Desarrollo-Aplicaciones-Nube\\Semana2\\Laravel\\vendor\\laravel\\framework\\src\\Illuminate\\Foundation\\Http\\Kernel.php(258): Illuminate\\Foundation\\Application->make()
#17 C:\\Users\\joaqu\\OneDrive\\Escritorio\\V-CICLO\\Desarrollo-Aplicaciones-Nube\\Semana2\\Laravel\\vendor\\laravel\\framework\\src\\Illuminate\\Foundation\\Http\\Kernel.php(216): Illuminate\\Foundation\\Http\\Kernel->terminateMiddleware()
#18 C:\\Users\\joaqu\\OneDrive\\Escritorio\\V-CICLO\\Desarrollo-Aplicaciones-Nube\\Semana2\\Laravel\\public\\index.php(60): Illuminate\\Foundation\\Http\\Kernel->terminate()
#19 C:\\Users\\joaqu\\OneDrive\\Escritorio\\V-CICLO\\Desarrollo-Aplicaciones-Nube\\Semana2\\Laravel\\server.php(21): require_once('...')
#20 {main}
"} 
